[0.495s] Invoking command in '/home/student/AdR/ros2_ws/src/square': PYTHONPATH=/home/student/AdR/ros2_ws/src/build/square/prefix_override:/usr/lib/python3/dist-packages/colcon_core/task/python/colcon_distutils_commands:/home/student/AdR/ros2_ws/src/install/square/lib/python3.10/site-packages:${PYTHONPATH} /usr/bin/python3 -W ignore:setup.py install is deprecated -W ignore:easy_install command is deprecated setup.py egg_info --egg-base ../build/square build --build-base /home/student/AdR/ros2_ws/src/build/square/build install --record /home/student/AdR/ros2_ws/src/build/square/install.log --single-version-externally-managed install_data
[0.671s] running egg_info
[0.671s] writing ../build/square/square.egg-info/PKG-INFO
[0.682s] writing dependency_links to ../build/square/square.egg-info/dependency_links.txt
[0.683s] writing entry points to ../build/square/square.egg-info/entry_points.txt
[0.683s] writing requirements to ../build/square/square.egg-info/requires.txt
[0.683s] writing top-level names to ../build/square/square.egg-info/top_level.txt
[0.685s] reading manifest file '../build/square/square.egg-info/SOURCES.txt'
[0.685s] adding license file 'LICENSE'
[0.685s] writing manifest file '../build/square/square.egg-info/SOURCES.txt'
[0.686s] running build
[0.686s] running build_py
[0.686s] running install
[0.686s] running install_lib
[0.688s] running install_data
[0.688s] running install_egg_info
[0.690s] removing '/home/student/AdR/ros2_ws/src/install/square/lib/python3.10/site-packages/square-0.0.0-py3.10.egg-info' (and everything under it)
[0.690s] Copying ../build/square/square.egg-info to /home/student/AdR/ros2_ws/src/install/square/lib/python3.10/site-packages/square-0.0.0-py3.10.egg-info
[0.692s] running install_scripts
[0.715s] Installing client script to /home/student/AdR/ros2_ws/src/install/square/lib/square
[0.716s] Installing server script to /home/student/AdR/ros2_ws/src/install/square/lib/square
[0.717s] writing list of installed files to '/home/student/AdR/ros2_ws/src/build/square/install.log'
[0.740s] Invoked command in '/home/student/AdR/ros2_ws/src/square' returned '0': PYTHONPATH=/home/student/AdR/ros2_ws/src/build/square/prefix_override:/usr/lib/python3/dist-packages/colcon_core/task/python/colcon_distutils_commands:/home/student/AdR/ros2_ws/src/install/square/lib/python3.10/site-packages:${PYTHONPATH} /usr/bin/python3 -W ignore:setup.py install is deprecated -W ignore:easy_install command is deprecated setup.py egg_info --egg-base ../build/square build --build-base /home/student/AdR/ros2_ws/src/build/square/build install --record /home/student/AdR/ros2_ws/src/build/square/install.log --single-version-externally-managed install_data
