[0.573s] Invoking command in '/home/student/AdR/ros2_ws/src/squareNumber': PYTHONPATH=/home/student/AdR/ros2_ws/src/build/squareNumber/prefix_override:/usr/lib/python3/dist-packages/colcon_core/task/python/colcon_distutils_commands:/home/student/AdR/ros2_ws/src/install/squareNumber/lib/python3.10/site-packages:${PYTHONPATH} /usr/bin/python3 -W ignore:setup.py install is deprecated -W ignore:easy_install command is deprecated setup.py egg_info --egg-base ../build/squareNumber build --build-base /home/student/AdR/ros2_ws/src/build/squareNumber/build install --record /home/student/AdR/ros2_ws/src/build/squareNumber/install.log --single-version-externally-managed install_data
[0.718s] running egg_info
[0.719s] writing ../build/squareNumber/squareNumber.egg-info/PKG-INFO
[0.720s] writing dependency_links to ../build/squareNumber/squareNumber.egg-info/dependency_links.txt
[0.720s] writing entry points to ../build/squareNumber/squareNumber.egg-info/entry_points.txt
[0.720s] writing requirements to ../build/squareNumber/squareNumber.egg-info/requires.txt
[0.721s] writing top-level names to ../build/squareNumber/squareNumber.egg-info/top_level.txt
[0.723s] reading manifest file '../build/squareNumber/squareNumber.egg-info/SOURCES.txt'
[0.724s] adding license file 'LICENSE'
[0.725s] writing manifest file '../build/squareNumber/squareNumber.egg-info/SOURCES.txt'
[0.725s] running build
[0.725s] running build_py
[0.725s] copying squareNumber/square_client.py -> /home/student/AdR/ros2_ws/src/build/squareNumber/build/lib/squareNumber
[0.726s] copying squareNumber/square_server.py -> /home/student/AdR/ros2_ws/src/build/squareNumber/build/lib/squareNumber
[0.726s] running install
[0.727s] running install_lib
[0.728s] copying /home/student/AdR/ros2_ws/src/build/squareNumber/build/lib/squareNumber/square_client.py -> /home/student/AdR/ros2_ws/src/install/squareNumber/lib/python3.10/site-packages/squareNumber
[0.729s] copying /home/student/AdR/ros2_ws/src/build/squareNumber/build/lib/squareNumber/square_server.py -> /home/student/AdR/ros2_ws/src/install/squareNumber/lib/python3.10/site-packages/squareNumber
[0.729s] byte-compiling /home/student/AdR/ros2_ws/src/install/squareNumber/lib/python3.10/site-packages/squareNumber/square_client.py to square_client.cpython-310.pyc
[0.730s] byte-compiling /home/student/AdR/ros2_ws/src/install/squareNumber/lib/python3.10/site-packages/squareNumber/square_server.py to square_server.cpython-310.pyc
[0.731s] running install_data
[0.731s] running install_egg_info
[0.732s] removing '/home/student/AdR/ros2_ws/src/install/squareNumber/lib/python3.10/site-packages/squareNumber-0.0.0-py3.10.egg-info' (and everything under it)
[0.733s] Copying ../build/squareNumber/squareNumber.egg-info to /home/student/AdR/ros2_ws/src/install/squareNumber/lib/python3.10/site-packages/squareNumber-0.0.0-py3.10.egg-info
[0.734s] running install_scripts
[0.749s] Installing square_client script to /home/student/AdR/ros2_ws/src/install/squareNumber/lib/squareNumber
[0.749s] Installing square_server script to /home/student/AdR/ros2_ws/src/install/squareNumber/lib/squareNumber
[0.749s] writing list of installed files to '/home/student/AdR/ros2_ws/src/build/squareNumber/install.log'
[0.766s] Invoked command in '/home/student/AdR/ros2_ws/src/squareNumber' returned '0': PYTHONPATH=/home/student/AdR/ros2_ws/src/build/squareNumber/prefix_override:/usr/lib/python3/dist-packages/colcon_core/task/python/colcon_distutils_commands:/home/student/AdR/ros2_ws/src/install/squareNumber/lib/python3.10/site-packages:${PYTHONPATH} /usr/bin/python3 -W ignore:setup.py install is deprecated -W ignore:easy_install command is deprecated setup.py egg_info --egg-base ../build/squareNumber build --build-base /home/student/AdR/ros2_ws/src/build/squareNumber/build install --record /home/student/AdR/ros2_ws/src/build/squareNumber/install.log --single-version-externally-managed install_data
