running egg_info
creating ../build/UAV_position/UAV_position.egg-info
writing ../build/UAV_position/UAV_position.egg-info/PKG-INFO
writing dependency_links to ../build/UAV_position/UAV_position.egg-info/dependency_links.txt
writing entry points to ../build/UAV_position/UAV_position.egg-info/entry_points.txt
writing requirements to ../build/UAV_position/UAV_position.egg-info/requires.txt
writing top-level names to ../build/UAV_position/UAV_position.egg-info/top_level.txt
writing manifest file '../build/UAV_position/UAV_position.egg-info/SOURCES.txt'
reading manifest file '../build/UAV_position/UAV_position.egg-info/SOURCES.txt'
adding license file 'LICENSE'
writing manifest file '../build/UAV_position/UAV_position.egg-info/SOURCES.txt'
running build
running build_py
creating /home/student/AdR/ros2_ws/src/build/UAV_position/build
creating /home/student/AdR/ros2_ws/src/build/UAV_position/build/lib
creating /home/student/AdR/ros2_ws/src/build/UAV_position/build/lib/UAV_position
copying UAV_position/publisher.py -> /home/student/AdR/ros2_ws/src/build/UAV_position/build/lib/UAV_position
copying UAV_position/subscriber.py -> /home/student/AdR/ros2_ws/src/build/UAV_position/build/lib/UAV_position
copying UAV_position/__init__.py -> /home/student/AdR/ros2_ws/src/build/UAV_position/build/lib/UAV_position
running install
running install_lib
creating /home/student/AdR/ros2_ws/src/install/UAV_position/lib/python3.10/site-packages/UAV_position
copying /home/student/AdR/ros2_ws/src/build/UAV_position/build/lib/UAV_position/publisher.py -> /home/student/AdR/ros2_ws/src/install/UAV_position/lib/python3.10/site-packages/UAV_position
copying /home/student/AdR/ros2_ws/src/build/UAV_position/build/lib/UAV_position/subscriber.py -> /home/student/AdR/ros2_ws/src/install/UAV_position/lib/python3.10/site-packages/UAV_position
copying /home/student/AdR/ros2_ws/src/build/UAV_position/build/lib/UAV_position/__init__.py -> /home/student/AdR/ros2_ws/src/install/UAV_position/lib/python3.10/site-packages/UAV_position
byte-compiling /home/student/AdR/ros2_ws/src/install/UAV_position/lib/python3.10/site-packages/UAV_position/publisher.py to publisher.cpython-310.pyc
byte-compiling /home/student/AdR/ros2_ws/src/install/UAV_position/lib/python3.10/site-packages/UAV_position/subscriber.py to subscriber.cpython-310.pyc
byte-compiling /home/student/AdR/ros2_ws/src/install/UAV_position/lib/python3.10/site-packages/UAV_position/__init__.py to __init__.cpython-310.pyc
running install_data
creating /home/student/AdR/ros2_ws/src/install/UAV_position/share/ament_index
creating /home/student/AdR/ros2_ws/src/install/UAV_position/share/ament_index/resource_index
creating /home/student/AdR/ros2_ws/src/install/UAV_position/share/ament_index/resource_index/packages
copying resource/UAV_position -> /home/student/AdR/ros2_ws/src/install/UAV_position/share/ament_index/resource_index/packages
copying package.xml -> /home/student/AdR/ros2_ws/src/install/UAV_position/share/UAV_position
running install_egg_info
Copying ../build/UAV_position/UAV_position.egg-info to /home/student/AdR/ros2_ws/src/install/UAV_position/lib/python3.10/site-packages/UAV_position-0.0.0-py3.10.egg-info
running install_scripts
Installing publisher script to /home/student/AdR/ros2_ws/src/install/UAV_position/lib/UAV_position
Installing subscriber script to /home/student/AdR/ros2_ws/src/install/UAV_position/lib/UAV_position
writing list of installed files to '/home/student/AdR/ros2_ws/src/build/UAV_position/install.log'
