[0.788s] Invoking command in '/home/student/AdR/ros2_ws/src/UAV_position': PYTHONPATH=/home/student/AdR/ros2_ws/src/build/UAV_position/prefix_override:/usr/lib/python3/dist-packages/colcon_core/task/python/colcon_distutils_commands:/home/student/AdR/ros2_ws/src/install/UAV_position/lib/python3.10/site-packages:${PYTHONPATH} /usr/bin/python3 -W ignore:setup.py install is deprecated -W ignore:easy_install command is deprecated setup.py egg_info --egg-base ../build/UAV_position build --build-base /home/student/AdR/ros2_ws/src/build/UAV_position/build install --record /home/student/AdR/ros2_ws/src/build/UAV_position/install.log --single-version-externally-managed install_data
[0.956s] running egg_info
[0.957s] creating ../build/UAV_position/UAV_position.egg-info
[0.957s] writing ../build/UAV_position/UAV_position.egg-info/PKG-INFO
[0.958s] writing dependency_links to ../build/UAV_position/UAV_position.egg-info/dependency_links.txt
[0.958s] writing entry points to ../build/UAV_position/UAV_position.egg-info/entry_points.txt
[0.958s] writing requirements to ../build/UAV_position/UAV_position.egg-info/requires.txt
[0.959s] writing top-level names to ../build/UAV_position/UAV_position.egg-info/top_level.txt
[0.959s] writing manifest file '../build/UAV_position/UAV_position.egg-info/SOURCES.txt'
[0.960s] reading manifest file '../build/UAV_position/UAV_position.egg-info/SOURCES.txt'
[0.961s] adding license file 'LICENSE'
[0.961s] writing manifest file '../build/UAV_position/UAV_position.egg-info/SOURCES.txt'
[0.962s] running build
[0.962s] running build_py
[0.963s] creating /home/student/AdR/ros2_ws/src/build/UAV_position/build
[0.963s] creating /home/student/AdR/ros2_ws/src/build/UAV_position/build/lib
[0.963s] creating /home/student/AdR/ros2_ws/src/build/UAV_position/build/lib/UAV_position
[0.963s] copying UAV_position/publisher.py -> /home/student/AdR/ros2_ws/src/build/UAV_position/build/lib/UAV_position
[0.963s] copying UAV_position/subscriber.py -> /home/student/AdR/ros2_ws/src/build/UAV_position/build/lib/UAV_position
[0.964s] copying UAV_position/__init__.py -> /home/student/AdR/ros2_ws/src/build/UAV_position/build/lib/UAV_position
[0.964s] running install
[0.965s] running install_lib
[0.966s] creating /home/student/AdR/ros2_ws/src/install/UAV_position/lib/python3.10/site-packages/UAV_position
[0.966s] copying /home/student/AdR/ros2_ws/src/build/UAV_position/build/lib/UAV_position/publisher.py -> /home/student/AdR/ros2_ws/src/install/UAV_position/lib/python3.10/site-packages/UAV_position
[0.966s] copying /home/student/AdR/ros2_ws/src/build/UAV_position/build/lib/UAV_position/subscriber.py -> /home/student/AdR/ros2_ws/src/install/UAV_position/lib/python3.10/site-packages/UAV_position
[0.966s] copying /home/student/AdR/ros2_ws/src/build/UAV_position/build/lib/UAV_position/__init__.py -> /home/student/AdR/ros2_ws/src/install/UAV_position/lib/python3.10/site-packages/UAV_position
[0.966s] byte-compiling /home/student/AdR/ros2_ws/src/install/UAV_position/lib/python3.10/site-packages/UAV_position/publisher.py to publisher.cpython-310.pyc
[0.967s] byte-compiling /home/student/AdR/ros2_ws/src/install/UAV_position/lib/python3.10/site-packages/UAV_position/subscriber.py to subscriber.cpython-310.pyc
[0.967s] byte-compiling /home/student/AdR/ros2_ws/src/install/UAV_position/lib/python3.10/site-packages/UAV_position/__init__.py to __init__.cpython-310.pyc
[0.967s] running install_data
[0.967s] creating /home/student/AdR/ros2_ws/src/install/UAV_position/share/ament_index
[0.967s] creating /home/student/AdR/ros2_ws/src/install/UAV_position/share/ament_index/resource_index
[0.968s] creating /home/student/AdR/ros2_ws/src/install/UAV_position/share/ament_index/resource_index/packages
[0.968s] copying resource/UAV_position -> /home/student/AdR/ros2_ws/src/install/UAV_position/share/ament_index/resource_index/packages
[0.968s] copying package.xml -> /home/student/AdR/ros2_ws/src/install/UAV_position/share/UAV_position
[0.968s] running install_egg_info
[0.969s] Copying ../build/UAV_position/UAV_position.egg-info to /home/student/AdR/ros2_ws/src/install/UAV_position/lib/python3.10/site-packages/UAV_position-0.0.0-py3.10.egg-info
[0.971s] running install_scripts
[0.991s] Installing publisher script to /home/student/AdR/ros2_ws/src/install/UAV_position/lib/UAV_position
[0.991s] Installing subscriber script to /home/student/AdR/ros2_ws/src/install/UAV_position/lib/UAV_position
[0.991s] writing list of installed files to '/home/student/AdR/ros2_ws/src/build/UAV_position/install.log'
[1.019s] Invoked command in '/home/student/AdR/ros2_ws/src/UAV_position' returned '0': PYTHONPATH=/home/student/AdR/ros2_ws/src/build/UAV_position/prefix_override:/usr/lib/python3/dist-packages/colcon_core/task/python/colcon_distutils_commands:/home/student/AdR/ros2_ws/src/install/UAV_position/lib/python3.10/site-packages:${PYTHONPATH} /usr/bin/python3 -W ignore:setup.py install is deprecated -W ignore:easy_install command is deprecated setup.py egg_info --egg-base ../build/UAV_position build --build-base /home/student/AdR/ros2_ws/src/build/UAV_position/build install --record /home/student/AdR/ros2_ws/src/build/UAV_position/install.log --single-version-externally-managed install_data
