[0.409s] Invoking command in '/home/student/AdR/ros2_ws/src/squareNumber': PYTHONPATH=/home/student/AdR/ros2_ws/build/squareNumber/prefix_override:/usr/lib/python3/dist-packages/colcon_core/task/python/colcon_distutils_commands:/home/student/AdR/ros2_ws/install/squareNumber/lib/python3.10/site-packages:${PYTHONPATH} /usr/bin/python3 -W ignore:setup.py install is deprecated -W ignore:easy_install command is deprecated setup.py egg_info --egg-base ../../build/squareNumber build --build-base /home/student/AdR/ros2_ws/build/squareNumber/build install --record /home/student/AdR/ros2_ws/build/squareNumber/install.log --single-version-externally-managed install_data
[0.552s] running egg_info
[0.552s] writing ../../build/squareNumber/squareNumber.egg-info/PKG-INFO
[0.589s] writing dependency_links to ../../build/squareNumber/squareNumber.egg-info/dependency_links.txt
[0.589s] writing entry points to ../../build/squareNumber/squareNumber.egg-info/entry_points.txt
[0.590s] writing requirements to ../../build/squareNumber/squareNumber.egg-info/requires.txt
[0.590s] writing top-level names to ../../build/squareNumber/squareNumber.egg-info/top_level.txt
[0.591s] reading manifest file '../../build/squareNumber/squareNumber.egg-info/SOURCES.txt'
[0.591s] adding license file 'LICENSE'
[0.592s] writing manifest file '../../build/squareNumber/squareNumber.egg-info/SOURCES.txt'
[0.592s] running build
[0.592s] running build_py
[0.593s] running install
[0.593s] running install_lib
[0.593s] running install_data
[0.594s] running install_egg_info
[0.595s] removing '/home/student/AdR/ros2_ws/install/squareNumber/lib/python3.10/site-packages/squareNumber-0.0.0-py3.10.egg-info' (and everything under it)
[0.595s] Copying ../../build/squareNumber/squareNumber.egg-info to /home/student/AdR/ros2_ws/install/squareNumber/lib/python3.10/site-packages/squareNumber-0.0.0-py3.10.egg-info
[0.596s] running install_scripts
[0.615s] Installing square_client script to /home/student/AdR/ros2_ws/install/squareNumber/lib/squareNumber
[0.616s] Installing square_server script to /home/student/AdR/ros2_ws/install/squareNumber/lib/squareNumber
[0.616s] writing list of installed files to '/home/student/AdR/ros2_ws/build/squareNumber/install.log'
[0.636s] Invoked command in '/home/student/AdR/ros2_ws/src/squareNumber' returned '0': PYTHONPATH=/home/student/AdR/ros2_ws/build/squareNumber/prefix_override:/usr/lib/python3/dist-packages/colcon_core/task/python/colcon_distutils_commands:/home/student/AdR/ros2_ws/install/squareNumber/lib/python3.10/site-packages:${PYTHONPATH} /usr/bin/python3 -W ignore:setup.py install is deprecated -W ignore:easy_install command is deprecated setup.py egg_info --egg-base ../../build/squareNumber build --build-base /home/student/AdR/ros2_ws/build/squareNumber/build install --record /home/student/AdR/ros2_ws/build/squareNumber/install.log --single-version-externally-managed install_data
