[0.430s] Invoking command in '/home/student/AdR/ros2_ws/src/UAV_position': PYTHONPATH=/home/student/AdR/ros2_ws/build/UAV_position/prefix_override:/usr/lib/python3/dist-packages/colcon_core/task/python/colcon_distutils_commands:/home/student/AdR/ros2_ws/install/UAV_position/lib/python3.10/site-packages:${PYTHONPATH} /usr/bin/python3 -W ignore:setup.py install is deprecated -W ignore:easy_install command is deprecated setup.py egg_info --egg-base ../../build/UAV_position build --build-base /home/student/AdR/ros2_ws/build/UAV_position/build install --record /home/student/AdR/ros2_ws/build/UAV_position/install.log --single-version-externally-managed install_data
[0.566s] running egg_info
[0.566s] writing ../../build/UAV_position/UAV_position.egg-info/PKG-INFO
[0.567s] writing dependency_links to ../../build/UAV_position/UAV_position.egg-info/dependency_links.txt
[0.568s] writing entry points to ../../build/UAV_position/UAV_position.egg-info/entry_points.txt
[0.568s] writing requirements to ../../build/UAV_position/UAV_position.egg-info/requires.txt
[0.568s] writing top-level names to ../../build/UAV_position/UAV_position.egg-info/top_level.txt
[0.569s] reading manifest file '../../build/UAV_position/UAV_position.egg-info/SOURCES.txt'
[0.570s] adding license file 'LICENSE'
[0.571s] writing manifest file '../../build/UAV_position/UAV_position.egg-info/SOURCES.txt'
[0.571s] running build
[0.571s] running build_py
[0.571s] copying UAV_position/subscriber.py -> /home/student/AdR/ros2_ws/build/UAV_position/build/lib/UAV_position
[0.572s] running install
[0.572s] running install_lib
[0.573s] copying /home/student/AdR/ros2_ws/build/UAV_position/build/lib/UAV_position/subscriber.py -> /home/student/AdR/ros2_ws/install/UAV_position/lib/python3.10/site-packages/UAV_position
[0.574s] byte-compiling /home/student/AdR/ros2_ws/install/UAV_position/lib/python3.10/site-packages/UAV_position/subscriber.py to subscriber.cpython-310.pyc
[0.574s] running install_data
[0.575s] running install_egg_info
[0.576s] removing '/home/student/AdR/ros2_ws/install/UAV_position/lib/python3.10/site-packages/UAV_position-0.0.0-py3.10.egg-info' (and everything under it)
[0.577s] Copying ../../build/UAV_position/UAV_position.egg-info to /home/student/AdR/ros2_ws/install/UAV_position/lib/python3.10/site-packages/UAV_position-0.0.0-py3.10.egg-info
[0.578s] running install_scripts
[0.593s] Installing publisher script to /home/student/AdR/ros2_ws/install/UAV_position/lib/UAV_position
[0.594s] Installing subscriber script to /home/student/AdR/ros2_ws/install/UAV_position/lib/UAV_position
[0.594s] writing list of installed files to '/home/student/AdR/ros2_ws/build/UAV_position/install.log'
[0.612s] Invoked command in '/home/student/AdR/ros2_ws/src/UAV_position' returned '0': PYTHONPATH=/home/student/AdR/ros2_ws/build/UAV_position/prefix_override:/usr/lib/python3/dist-packages/colcon_core/task/python/colcon_distutils_commands:/home/student/AdR/ros2_ws/install/UAV_position/lib/python3.10/site-packages:${PYTHONPATH} /usr/bin/python3 -W ignore:setup.py install is deprecated -W ignore:easy_install command is deprecated setup.py egg_info --egg-base ../../build/UAV_position build --build-base /home/student/AdR/ros2_ws/build/UAV_position/build install --record /home/student/AdR/ros2_ws/build/UAV_position/install.log --single-version-externally-managed install_data
