[0.440s] Invoking command in '/home/student/AdR/ros2_ws/src/square': PYTHONPATH=/home/student/AdR/ros2_ws/build/square/prefix_override:/usr/lib/python3/dist-packages/colcon_core/task/python/colcon_distutils_commands:/home/student/AdR/ros2_ws/install/square/lib/python3.10/site-packages:${PYTHONPATH} /usr/bin/python3 -W ignore:setup.py install is deprecated -W ignore:easy_install command is deprecated setup.py egg_info --egg-base ../../build/square build --build-base /home/student/AdR/ros2_ws/build/square/build install --record /home/student/AdR/ros2_ws/build/square/install.log --single-version-externally-managed install_data
[0.582s] running egg_info
[0.582s] writing ../../build/square/square.egg-info/PKG-INFO
[0.583s] writing dependency_links to ../../build/square/square.egg-info/dependency_links.txt
[0.583s] writing entry points to ../../build/square/square.egg-info/entry_points.txt
[0.583s] writing requirements to ../../build/square/square.egg-info/requires.txt
[0.583s] writing top-level names to ../../build/square/square.egg-info/top_level.txt
[0.584s] reading manifest file '../../build/square/square.egg-info/SOURCES.txt'
[0.584s] adding license file 'LICENSE'
[0.585s] writing manifest file '../../build/square/square.egg-info/SOURCES.txt'
[0.585s] running build
[0.586s] running build_py
[0.586s] running install
[0.586s] running install_lib
[0.587s] running install_data
[0.587s] running install_egg_info
[0.588s] removing '/home/student/AdR/ros2_ws/install/square/lib/python3.10/site-packages/square-0.0.0-py3.10.egg-info' (and everything under it)
[0.588s] Copying ../../build/square/square.egg-info to /home/student/AdR/ros2_ws/install/square/lib/python3.10/site-packages/square-0.0.0-py3.10.egg-info
[0.594s] running install_scripts
[0.614s] Installing square_client script to /home/student/AdR/ros2_ws/install/square/lib/square
[0.614s] Installing square_server script to /home/student/AdR/ros2_ws/install/square/lib/square
[0.615s] writing list of installed files to '/home/student/AdR/ros2_ws/build/square/install.log'
[0.635s] Invoked command in '/home/student/AdR/ros2_ws/src/square' returned '0': PYTHONPATH=/home/student/AdR/ros2_ws/build/square/prefix_override:/usr/lib/python3/dist-packages/colcon_core/task/python/colcon_distutils_commands:/home/student/AdR/ros2_ws/install/square/lib/python3.10/site-packages:${PYTHONPATH} /usr/bin/python3 -W ignore:setup.py install is deprecated -W ignore:easy_install command is deprecated setup.py egg_info --egg-base ../../build/square build --build-base /home/student/AdR/ros2_ws/build/square/build install --record /home/student/AdR/ros2_ws/build/square/install.log --single-version-externally-managed install_data
