[0.553s] Invoking command in '/home/student/AdR/ros2_ws/src/squareNumber': PYTHONPATH=/home/student/AdR/ros2_ws/src/build/squareNumber/prefix_override:/usr/lib/python3/dist-packages/colcon_core/task/python/colcon_distutils_commands:/home/student/AdR/ros2_ws/src/install/squareNumber/lib/python3.10/site-packages:${PYTHONPATH} /usr/bin/python3 -W ignore:setup.py install is deprecated -W ignore:easy_install command is deprecated setup.py egg_info --egg-base ../build/squareNumber build --build-base /home/student/AdR/ros2_ws/src/build/squareNumber/build install --record /home/student/AdR/ros2_ws/src/build/squareNumber/install.log --single-version-externally-managed install_data
[0.691s] running egg_info
[0.692s] writing ../build/squareNumber/squareNumber.egg-info/PKG-INFO
[0.693s] writing dependency_links to ../build/squareNumber/squareNumber.egg-info/dependency_links.txt
[0.693s] writing entry points to ../build/squareNumber/squareNumber.egg-info/entry_points.txt
[0.693s] writing requirements to ../build/squareNumber/squareNumber.egg-info/requires.txt
[0.693s] writing top-level names to ../build/squareNumber/squareNumber.egg-info/top_level.txt
[0.696s] reading manifest file '../build/squareNumber/squareNumber.egg-info/SOURCES.txt'
[0.697s] adding license file 'LICENSE'
[0.698s] writing manifest file '../build/squareNumber/squareNumber.egg-info/SOURCES.txt'
[0.698s] running build
[0.698s] running build_py
[0.698s] copying squareNumber/square_client.py -> /home/student/AdR/ros2_ws/src/build/squareNumber/build/lib/squareNumber
[0.698s] copying squareNumber/square_server.py -> /home/student/AdR/ros2_ws/src/build/squareNumber/build/lib/squareNumber
[0.698s] running install
[0.699s] running install_lib
[0.700s] copying /home/student/AdR/ros2_ws/src/build/squareNumber/build/lib/squareNumber/square_client.py -> /home/student/AdR/ros2_ws/src/install/squareNumber/lib/python3.10/site-packages/squareNumber
[0.700s] copying /home/student/AdR/ros2_ws/src/build/squareNumber/build/lib/squareNumber/square_server.py -> /home/student/AdR/ros2_ws/src/install/squareNumber/lib/python3.10/site-packages/squareNumber
[0.700s] byte-compiling /home/student/AdR/ros2_ws/src/install/squareNumber/lib/python3.10/site-packages/squareNumber/square_client.py to square_client.cpython-310.pyc
[0.701s] byte-compiling /home/student/AdR/ros2_ws/src/install/squareNumber/lib/python3.10/site-packages/squareNumber/square_server.py to square_server.cpython-310.pyc
[0.702s] running install_data
[0.702s] running install_egg_info
[0.704s] removing '/home/student/AdR/ros2_ws/src/install/squareNumber/lib/python3.10/site-packages/squareNumber-0.0.0-py3.10.egg-info' (and everything under it)
[0.705s] Copying ../build/squareNumber/squareNumber.egg-info to /home/student/AdR/ros2_ws/src/install/squareNumber/lib/python3.10/site-packages/squareNumber-0.0.0-py3.10.egg-info
[0.706s] running install_scripts
[0.722s] Installing square_client script to /home/student/AdR/ros2_ws/src/install/squareNumber/lib/squareNumber
[0.723s] Installing square_server script to /home/student/AdR/ros2_ws/src/install/squareNumber/lib/squareNumber
[0.723s] writing list of installed files to '/home/student/AdR/ros2_ws/src/build/squareNumber/install.log'
[0.740s] Invoked command in '/home/student/AdR/ros2_ws/src/squareNumber' returned '0': PYTHONPATH=/home/student/AdR/ros2_ws/src/build/squareNumber/prefix_override:/usr/lib/python3/dist-packages/colcon_core/task/python/colcon_distutils_commands:/home/student/AdR/ros2_ws/src/install/squareNumber/lib/python3.10/site-packages:${PYTHONPATH} /usr/bin/python3 -W ignore:setup.py install is deprecated -W ignore:easy_install command is deprecated setup.py egg_info --egg-base ../build/squareNumber build --build-base /home/student/AdR/ros2_ws/src/build/squareNumber/build install --record /home/student/AdR/ros2_ws/src/build/squareNumber/install.log --single-version-externally-managed install_data
