[0.381s] Invoking command in '/home/student/AdR/ros2_ws/src/UAV_position': PYTHONPATH=/home/student/AdR/ros2_ws/build/UAV_position/prefix_override:/usr/lib/python3/dist-packages/colcon_core/task/python/colcon_distutils_commands:/home/student/AdR/ros2_ws/install/UAV_position/lib/python3.10/site-packages:${PYTHONPATH} /usr/bin/python3 -W ignore:setup.py install is deprecated -W ignore:easy_install command is deprecated setup.py egg_info --egg-base ../../build/UAV_position build --build-base /home/student/AdR/ros2_ws/build/UAV_position/build install --record /home/student/AdR/ros2_ws/build/UAV_position/install.log --single-version-externally-managed install_data
[0.510s] running egg_info
[0.510s] writing ../../build/UAV_position/UAV_position.egg-info/PKG-INFO
[0.510s] writing dependency_links to ../../build/UAV_position/UAV_position.egg-info/dependency_links.txt
[0.511s] writing entry points to ../../build/UAV_position/UAV_position.egg-info/entry_points.txt
[0.511s] writing requirements to ../../build/UAV_position/UAV_position.egg-info/requires.txt
[0.511s] writing top-level names to ../../build/UAV_position/UAV_position.egg-info/top_level.txt
[0.512s] reading manifest file '../../build/UAV_position/UAV_position.egg-info/SOURCES.txt'
[0.512s] adding license file 'LICENSE'
[0.513s] writing manifest file '../../build/UAV_position/UAV_position.egg-info/SOURCES.txt'
[0.513s] running build
[0.513s] running build_py
[0.513s] copying UAV_position/publisher.py -> /home/student/AdR/ros2_ws/build/UAV_position/build/lib/UAV_position
[0.513s] copying UAV_position/subscriber.py -> /home/student/AdR/ros2_ws/build/UAV_position/build/lib/UAV_position
[0.513s] running install
[0.513s] running install_lib
[0.514s] copying /home/student/AdR/ros2_ws/build/UAV_position/build/lib/UAV_position/publisher.py -> /home/student/AdR/ros2_ws/install/UAV_position/lib/python3.10/site-packages/UAV_position
[0.514s] copying /home/student/AdR/ros2_ws/build/UAV_position/build/lib/UAV_position/subscriber.py -> /home/student/AdR/ros2_ws/install/UAV_position/lib/python3.10/site-packages/UAV_position
[0.514s] byte-compiling /home/student/AdR/ros2_ws/install/UAV_position/lib/python3.10/site-packages/UAV_position/publisher.py to publisher.cpython-310.pyc
[0.514s] byte-compiling /home/student/AdR/ros2_ws/install/UAV_position/lib/python3.10/site-packages/UAV_position/subscriber.py to subscriber.cpython-310.pyc
[0.515s] running install_data
[0.515s] running install_egg_info
[0.516s] removing '/home/student/AdR/ros2_ws/install/UAV_position/lib/python3.10/site-packages/UAV_position-0.0.0-py3.10.egg-info' (and everything under it)
[0.516s] Copying ../../build/UAV_position/UAV_position.egg-info to /home/student/AdR/ros2_ws/install/UAV_position/lib/python3.10/site-packages/UAV_position-0.0.0-py3.10.egg-info
[0.517s] running install_scripts
[0.532s] Installing publisher script to /home/student/AdR/ros2_ws/install/UAV_position/lib/UAV_position
[0.532s] Installing subscriber script to /home/student/AdR/ros2_ws/install/UAV_position/lib/UAV_position
[0.532s] writing list of installed files to '/home/student/AdR/ros2_ws/build/UAV_position/install.log'
[0.548s] Invoked command in '/home/student/AdR/ros2_ws/src/UAV_position' returned '0': PYTHONPATH=/home/student/AdR/ros2_ws/build/UAV_position/prefix_override:/usr/lib/python3/dist-packages/colcon_core/task/python/colcon_distutils_commands:/home/student/AdR/ros2_ws/install/UAV_position/lib/python3.10/site-packages:${PYTHONPATH} /usr/bin/python3 -W ignore:setup.py install is deprecated -W ignore:easy_install command is deprecated setup.py egg_info --egg-base ../../build/UAV_position build --build-base /home/student/AdR/ros2_ws/build/UAV_position/build install --record /home/student/AdR/ros2_ws/build/UAV_position/install.log --single-version-externally-managed install_data
