[0.885s] Invoking command in '/home/student/AdR/ros2_ws/src/UAV_position': PYTHONPATH=/home/student/AdR/ros2_ws/build/UAV_position/prefix_override:/usr/lib/python3/dist-packages/colcon_core/task/python/colcon_distutils_commands:/home/student/AdR/ros2_ws/install/UAV_position/lib/python3.10/site-packages:${PYTHONPATH} /usr/bin/python3 -W ignore:setup.py install is deprecated -W ignore:easy_install command is deprecated setup.py egg_info --egg-base ../../build/UAV_position build --build-base /home/student/AdR/ros2_ws/build/UAV_position/build install --record /home/student/AdR/ros2_ws/build/UAV_position/install.log --single-version-externally-managed install_data
[1.025s] running egg_info
[1.025s] writing ../../build/UAV_position/UAV_position.egg-info/PKG-INFO
[1.062s] writing dependency_links to ../../build/UAV_position/UAV_position.egg-info/dependency_links.txt
[1.062s] writing entry points to ../../build/UAV_position/UAV_position.egg-info/entry_points.txt
[1.062s] writing requirements to ../../build/UAV_position/UAV_position.egg-info/requires.txt
[1.063s] writing top-level names to ../../build/UAV_position/UAV_position.egg-info/top_level.txt
[1.065s] reading manifest file '../../build/UAV_position/UAV_position.egg-info/SOURCES.txt'
[1.066s] adding license file 'LICENSE'
[1.067s] writing manifest file '../../build/UAV_position/UAV_position.egg-info/SOURCES.txt'
[1.067s] running build
[1.067s] running build_py
[1.068s] running install
[1.068s] running install_lib
[1.071s] running install_data
[1.071s] running install_egg_info
[1.073s] removing '/home/student/AdR/ros2_ws/install/UAV_position/lib/python3.10/site-packages/UAV_position-0.0.0-py3.10.egg-info' (and everything under it)
[1.074s] Copying ../../build/UAV_position/UAV_position.egg-info to /home/student/AdR/ros2_ws/install/UAV_position/lib/python3.10/site-packages/UAV_position-0.0.0-py3.10.egg-info
[1.076s] running install_scripts
[1.096s] Installing publisher script to /home/student/AdR/ros2_ws/install/UAV_position/lib/UAV_position
[1.096s] Installing subscriber script to /home/student/AdR/ros2_ws/install/UAV_position/lib/UAV_position
[1.096s] writing list of installed files to '/home/student/AdR/ros2_ws/build/UAV_position/install.log'
[1.120s] Invoked command in '/home/student/AdR/ros2_ws/src/UAV_position' returned '0': PYTHONPATH=/home/student/AdR/ros2_ws/build/UAV_position/prefix_override:/usr/lib/python3/dist-packages/colcon_core/task/python/colcon_distutils_commands:/home/student/AdR/ros2_ws/install/UAV_position/lib/python3.10/site-packages:${PYTHONPATH} /usr/bin/python3 -W ignore:setup.py install is deprecated -W ignore:easy_install command is deprecated setup.py egg_info --egg-base ../../build/UAV_position build --build-base /home/student/AdR/ros2_ws/build/UAV_position/build install --record /home/student/AdR/ros2_ws/build/UAV_position/install.log --single-version-externally-managed install_data
