[0.402s] Invoking command in '/home/student/AdR/ros2_ws/src/squareNumber': PYTHONPATH=/home/student/AdR/ros2_ws/src/build/squareNumber/prefix_override:/usr/lib/python3/dist-packages/colcon_core/task/python/colcon_distutils_commands:/home/student/AdR/ros2_ws/src/install/squareNumber/lib/python3.10/site-packages:${PYTHONPATH} /usr/bin/python3 -W ignore:setup.py install is deprecated -W ignore:easy_install command is deprecated setup.py egg_info --egg-base ../build/squareNumber build --build-base /home/student/AdR/ros2_ws/src/build/squareNumber/build install --record /home/student/AdR/ros2_ws/src/build/squareNumber/install.log --single-version-externally-managed install_data
[0.538s] running egg_info
[0.539s] writing ../build/squareNumber/squareNumber.egg-info/PKG-INFO
[0.539s] writing dependency_links to ../build/squareNumber/squareNumber.egg-info/dependency_links.txt
[0.539s] writing entry points to ../build/squareNumber/squareNumber.egg-info/entry_points.txt
[0.539s] writing requirements to ../build/squareNumber/squareNumber.egg-info/requires.txt
[0.539s] writing top-level names to ../build/squareNumber/squareNumber.egg-info/top_level.txt
[0.540s] reading manifest file '../build/squareNumber/squareNumber.egg-info/SOURCES.txt'
[0.541s] adding license file 'LICENSE'
[0.541s] writing manifest file '../build/squareNumber/squareNumber.egg-info/SOURCES.txt'
[0.541s] running build
[0.542s] running build_py
[0.542s] running install
[0.542s] running install_lib
[0.543s] running install_data
[0.543s] running install_egg_info
[0.544s] removing '/home/student/AdR/ros2_ws/src/install/squareNumber/lib/python3.10/site-packages/squareNumber-0.0.0-py3.10.egg-info' (and everything under it)
[0.544s] Copying ../build/squareNumber/squareNumber.egg-info to /home/student/AdR/ros2_ws/src/install/squareNumber/lib/python3.10/site-packages/squareNumber-0.0.0-py3.10.egg-info
[0.545s] running install_scripts
[0.559s] Installing square_client script to /home/student/AdR/ros2_ws/src/install/squareNumber/lib/squareNumber
[0.559s] Installing square_server script to /home/student/AdR/ros2_ws/src/install/squareNumber/lib/squareNumber
[0.560s] writing list of installed files to '/home/student/AdR/ros2_ws/src/build/squareNumber/install.log'
[0.577s] Invoked command in '/home/student/AdR/ros2_ws/src/squareNumber' returned '0': PYTHONPATH=/home/student/AdR/ros2_ws/src/build/squareNumber/prefix_override:/usr/lib/python3/dist-packages/colcon_core/task/python/colcon_distutils_commands:/home/student/AdR/ros2_ws/src/install/squareNumber/lib/python3.10/site-packages:${PYTHONPATH} /usr/bin/python3 -W ignore:setup.py install is deprecated -W ignore:easy_install command is deprecated setup.py egg_info --egg-base ../build/squareNumber build --build-base /home/student/AdR/ros2_ws/src/build/squareNumber/build install --record /home/student/AdR/ros2_ws/src/build/squareNumber/install.log --single-version-externally-managed install_data
