[0.168s] DEBUG:colcon:Command line arguments: ['/usr/bin/colcon', 'build', '--packages-select', 'squareNumber']
[0.168s] DEBUG:colcon:Parsed command line arguments: Namespace(log_base=None, log_level=None, verb_name='build', build_base='build', install_base='install', merge_install=False, symlink_install=False, test_result_base=None, continue_on_error=False, executor='parallel', parallel_workers=12, event_handlers=None, ignore_user_meta=False, metas=['./colcon.meta'], base_paths=['.'], packages_ignore=None, packages_ignore_regex=None, paths=None, packages_up_to=None, packages_up_to_regex=None, packages_above=None, packages_above_and_dependencies=None, packages_above_depth=None, packages_select_by_dep=None, packages_skip_by_dep=None, packages_skip_up_to=None, packages_select_build_failed=False, packages_skip_build_finished=False, packages_select_test_failures=False, packages_skip_test_passed=False, packages_select=['squareNumber'], packages_skip=None, packages_select_regex=None, packages_skip_regex=None, packages_start=None, packages_end=None, cmake_args=None, cmake_target=None, cmake_target_skip_unavailable=False, cmake_clean_cache=False, cmake_clean_first=False, cmake_force_configure=False, ament_cmake_args=None, catkin_cmake_args=None, catkin_skip_building_tests=False, mixin_files=None, mixin=None, verb_parser=<colcon_mixin.mixin.mixin_argument.MixinArgumentDecorator object at 0x7f8274e5b100>, verb_extension=<colcon_core.verb.build.BuildVerb object at 0x7f8274fa8100>, main=<bound method BuildVerb.main of <colcon_core.verb.build.BuildVerb object at 0x7f8274fa8100>>, mixin_verb=('build',))
[0.385s] Level 1:colcon.colcon_core.package_discovery:discover_packages(colcon_meta) check parameters
[0.385s] Level 1:colcon.colcon_core.package_discovery:discover_packages(recursive) check parameters
[0.385s] Level 1:colcon.colcon_core.package_discovery:discover_packages(ignore) check parameters
[0.385s] Level 1:colcon.colcon_core.package_discovery:discover_packages(path) check parameters
[0.385s] Level 1:colcon.colcon_core.package_discovery:discover_packages(colcon_meta) discover
[0.385s] Level 1:colcon.colcon_core.package_discovery:discover_packages(recursive) discover
[0.385s] INFO:colcon.colcon_core.package_discovery:Crawling recursively for packages in '/home/student/AdR/ros2_ws/src'
[0.385s] Level 1:colcon.colcon_core.package_identification:_identify(.) by extensions ['ignore', 'ignore_ament_install']
[0.385s] Level 1:colcon.colcon_core.package_identification:_identify(.) by extension 'ignore'
[0.385s] Level 1:colcon.colcon_core.package_identification:_identify(.) by extension 'ignore_ament_install'
[0.385s] Level 1:colcon.colcon_core.package_identification:_identify(.) by extensions ['colcon_pkg']
[0.385s] Level 1:colcon.colcon_core.package_identification:_identify(.) by extension 'colcon_pkg'
[0.385s] Level 1:colcon.colcon_core.package_identification:_identify(.) by extensions ['colcon_meta']
[0.385s] Level 1:colcon.colcon_core.package_identification:_identify(.) by extension 'colcon_meta'
[0.386s] Level 1:colcon.colcon_core.package_identification:_identify(.) by extensions ['ros']
[0.386s] Level 1:colcon.colcon_core.package_identification:_identify(.) by extension 'ros'
[0.399s] Level 1:colcon.colcon_core.package_identification:_identify(.) by extensions ['cmake', 'python']
[0.400s] Level 1:colcon.colcon_core.package_identification:_identify(.) by extension 'cmake'
[0.400s] Level 1:colcon.colcon_core.package_identification:_identify(.) by extension 'python'
[0.400s] Level 1:colcon.colcon_core.package_identification:_identify(.) by extensions ['python_setup_py']
[0.400s] Level 1:colcon.colcon_core.package_identification:_identify(.) by extension 'python_setup_py'
[0.400s] Level 1:colcon.colcon_core.package_identification:_identify(UAV_position) by extensions ['ignore', 'ignore_ament_install']
[0.400s] Level 1:colcon.colcon_core.package_identification:_identify(UAV_position) by extension 'ignore'
[0.400s] Level 1:colcon.colcon_core.package_identification:_identify(UAV_position) by extension 'ignore_ament_install'
[0.400s] Level 1:colcon.colcon_core.package_identification:_identify(UAV_position) by extensions ['colcon_pkg']
[0.400s] Level 1:colcon.colcon_core.package_identification:_identify(UAV_position) by extension 'colcon_pkg'
[0.401s] Level 1:colcon.colcon_core.package_identification:_identify(UAV_position) by extensions ['colcon_meta']
[0.401s] Level 1:colcon.colcon_core.package_identification:_identify(UAV_position) by extension 'colcon_meta'
[0.401s] Level 1:colcon.colcon_core.package_identification:_identify(UAV_position) by extensions ['ros']
[0.401s] Level 1:colcon.colcon_core.package_identification:_identify(UAV_position) by extension 'ros'
[0.406s] DEBUG:colcon.colcon_core.package_identification:Package 'UAV_position' with type 'ros.ament_python' and name 'UAV_position'
[0.406s] Level 1:colcon.colcon_core.package_identification:_identify(build) by extensions ['ignore', 'ignore_ament_install']
[0.407s] Level 1:colcon.colcon_core.package_identification:_identify(build) by extension 'ignore'
[0.407s] Level 1:colcon.colcon_core.package_identification:_identify(build) ignored
[0.408s] Level 1:colcon.colcon_core.package_identification:_identify(install) by extensions ['ignore', 'ignore_ament_install']
[0.408s] Level 1:colcon.colcon_core.package_identification:_identify(install) by extension 'ignore'
[0.408s] Level 1:colcon.colcon_core.package_identification:_identify(install) ignored
[0.408s] Level 1:colcon.colcon_core.package_identification:_identify(log) by extensions ['ignore', 'ignore_ament_install']
[0.408s] Level 1:colcon.colcon_core.package_identification:_identify(log) by extension 'ignore'
[0.408s] Level 1:colcon.colcon_core.package_identification:_identify(log) ignored
[0.409s] Level 1:colcon.colcon_core.package_identification:_identify(square) by extensions ['ignore', 'ignore_ament_install']
[0.409s] Level 1:colcon.colcon_core.package_identification:_identify(square) by extension 'ignore'
[0.409s] Level 1:colcon.colcon_core.package_identification:_identify(square) by extension 'ignore_ament_install'
[0.409s] Level 1:colcon.colcon_core.package_identification:_identify(square) by extensions ['colcon_pkg']
[0.409s] Level 1:colcon.colcon_core.package_identification:_identify(square) by extension 'colcon_pkg'
[0.409s] Level 1:colcon.colcon_core.package_identification:_identify(square) by extensions ['colcon_meta']
[0.409s] Level 1:colcon.colcon_core.package_identification:_identify(square) by extension 'colcon_meta'
[0.409s] Level 1:colcon.colcon_core.package_identification:_identify(square) by extensions ['ros']
[0.409s] Level 1:colcon.colcon_core.package_identification:_identify(square) by extension 'ros'
[0.410s] DEBUG:colcon.colcon_core.package_identification:Package 'square' with type 'ros.ament_python' and name 'square'
[0.411s] Level 1:colcon.colcon_core.package_identification:_identify(squareNumber) by extensions ['ignore', 'ignore_ament_install']
[0.411s] Level 1:colcon.colcon_core.package_identification:_identify(squareNumber) by extension 'ignore'
[0.411s] Level 1:colcon.colcon_core.package_identification:_identify(squareNumber) by extension 'ignore_ament_install'
[0.411s] Level 1:colcon.colcon_core.package_identification:_identify(squareNumber) by extensions ['colcon_pkg']
[0.411s] Level 1:colcon.colcon_core.package_identification:_identify(squareNumber) by extension 'colcon_pkg'
[0.411s] Level 1:colcon.colcon_core.package_identification:_identify(squareNumber) by extensions ['colcon_meta']
[0.411s] Level 1:colcon.colcon_core.package_identification:_identify(squareNumber) by extension 'colcon_meta'
[0.411s] Level 1:colcon.colcon_core.package_identification:_identify(squareNumber) by extensions ['ros']
[0.411s] Level 1:colcon.colcon_core.package_identification:_identify(squareNumber) by extension 'ros'
[0.413s] DEBUG:colcon.colcon_core.package_identification:Found ROS schema reference in package manifest in 'squareNumber'
[0.413s] WARNING:colcon.colcon_core.package_identification:Failed to parse ROS package manifest in 'squareNumber': Error(s) in package 'squareNumber/package.xml':
The package "squareNumber" must not "build_depend" on a package with the same name as this package
The package "squareNumber" must not "build_export_depend" on a package with the same name as this package
The package "squareNumber" must not "exec_depend" on a package with the same name as this package
[0.413s] Level 1:colcon.colcon_core.package_identification:_identify(squareNumber) by extensions ['cmake', 'python']
[0.413s] Level 1:colcon.colcon_core.package_identification:_identify(squareNumber) by extension 'cmake'
[0.413s] Level 1:colcon.colcon_core.package_identification:_identify(squareNumber) by extension 'python'
[0.413s] DEBUG:colcon.colcon_core.package_identification:Python package in 'squareNumber' passes arguments to the setup() function which requires a different identification extension than 'python'
[0.413s] Level 1:colcon.colcon_core.package_identification:_identify(squareNumber) by extensions ['python_setup_py']
[0.413s] Level 1:colcon.colcon_core.package_identification:_identify(squareNumber) by extension 'python_setup_py'
[0.573s] DEBUG:colcon.colcon_core.package_identification:Package 'squareNumber' with type 'python' and name 'squareNumber'
[0.574s] Level 1:colcon.colcon_core.package_discovery:discover_packages(recursive) using defaults
[0.574s] Level 1:colcon.colcon_core.package_discovery:discover_packages(ignore) discover
[0.574s] Level 1:colcon.colcon_core.package_discovery:discover_packages(ignore) using defaults
[0.574s] Level 1:colcon.colcon_core.package_discovery:discover_packages(path) discover
[0.574s] Level 1:colcon.colcon_core.package_discovery:discover_packages(path) using defaults
[0.610s] INFO:colcon.colcon_core.package_selection:Skipping not selected package 'UAV_position' in 'UAV_position'
[0.610s] INFO:colcon.colcon_core.package_selection:Skipping not selected package 'square' in 'square'
[0.611s] Level 5:colcon.colcon_core.verb:set package 'squareNumber' build argument 'cmake_args' from command line to 'None'
[0.611s] Level 5:colcon.colcon_core.verb:set package 'squareNumber' build argument 'cmake_target' from command line to 'None'
[0.611s] Level 5:colcon.colcon_core.verb:set package 'squareNumber' build argument 'cmake_target_skip_unavailable' from command line to 'False'
[0.611s] Level 5:colcon.colcon_core.verb:set package 'squareNumber' build argument 'cmake_clean_cache' from command line to 'False'
[0.611s] Level 5:colcon.colcon_core.verb:set package 'squareNumber' build argument 'cmake_clean_first' from command line to 'False'
[0.611s] Level 5:colcon.colcon_core.verb:set package 'squareNumber' build argument 'cmake_force_configure' from command line to 'False'
[0.611s] Level 5:colcon.colcon_core.verb:set package 'squareNumber' build argument 'ament_cmake_args' from command line to 'None'
[0.611s] Level 5:colcon.colcon_core.verb:set package 'squareNumber' build argument 'catkin_cmake_args' from command line to 'None'
[0.611s] Level 5:colcon.colcon_core.verb:set package 'squareNumber' build argument 'catkin_skip_building_tests' from command line to 'False'
[0.611s] DEBUG:colcon.colcon_core.verb:Building package 'squareNumber' with the following arguments: {'ament_cmake_args': None, 'build_base': '/home/student/AdR/ros2_ws/src/build/squareNumber', 'catkin_cmake_args': None, 'catkin_skip_building_tests': False, 'cmake_args': None, 'cmake_clean_cache': False, 'cmake_clean_first': False, 'cmake_force_configure': False, 'cmake_target': None, 'cmake_target_skip_unavailable': False, 'install_base': '/home/student/AdR/ros2_ws/src/install/squareNumber', 'merge_install': False, 'path': '/home/student/AdR/ros2_ws/src/squareNumber', 'symlink_install': False, 'test_result_base': None}
[0.611s] INFO:colcon.colcon_core.executor:Executing jobs using 'parallel' executor
[0.612s] DEBUG:colcon.colcon_parallel_executor.executor.parallel:run_until_complete
[0.612s] INFO:colcon.colcon_core.task.python.build:Building Python package in '/home/student/AdR/ros2_ws/src/squareNumber'
[0.623s] INFO:colcon.colcon_core.plugin_system:Skipping extension 'colcon_core.shell.bat': Not used on non-Windows systems
[0.623s] INFO:colcon.colcon_core.shell:Skip shell extension 'powershell' for command environment: Not usable outside of PowerShell
[0.623s] DEBUG:colcon.colcon_core.shell:Skip shell extension 'dsv' for command environment
[1.166s] DEBUG:colcon.colcon_core.event_handler.log_command:Invoking command in '/home/student/AdR/ros2_ws/src/squareNumber': PYTHONPATH=/home/student/AdR/ros2_ws/src/build/squareNumber/prefix_override:/usr/lib/python3/dist-packages/colcon_core/task/python/colcon_distutils_commands:/home/student/AdR/ros2_ws/src/install/squareNumber/lib/python3.10/site-packages:${PYTHONPATH} /usr/bin/python3 -W ignore:setup.py install is deprecated -W ignore:easy_install command is deprecated setup.py egg_info --egg-base ../build/squareNumber build --build-base /home/student/AdR/ros2_ws/src/build/squareNumber/build install --record /home/student/AdR/ros2_ws/src/build/squareNumber/install.log --single-version-externally-managed install_data
[1.354s] DEBUG:colcon.colcon_core.event_handler.log_command:Invoked command in '/home/student/AdR/ros2_ws/src/squareNumber' returned '0': PYTHONPATH=/home/student/AdR/ros2_ws/src/build/squareNumber/prefix_override:/usr/lib/python3/dist-packages/colcon_core/task/python/colcon_distutils_commands:/home/student/AdR/ros2_ws/src/install/squareNumber/lib/python3.10/site-packages:${PYTHONPATH} /usr/bin/python3 -W ignore:setup.py install is deprecated -W ignore:easy_install command is deprecated setup.py egg_info --egg-base ../build/squareNumber build --build-base /home/student/AdR/ros2_ws/src/build/squareNumber/build install --record /home/student/AdR/ros2_ws/src/build/squareNumber/install.log --single-version-externally-managed install_data
[1.361s] Level 1:colcon.colcon_core.environment:checking '/home/student/AdR/ros2_ws/src/install/squareNumber' for CMake module files
[1.361s] Level 1:colcon.colcon_core.environment:checking '/home/student/AdR/ros2_ws/src/install/squareNumber' for CMake config files
[1.364s] Level 1:colcon.colcon_core.environment:checking '/home/student/AdR/ros2_ws/src/install/squareNumber/lib'
[1.365s] Level 1:colcon.colcon_core.environment:checking '/home/student/AdR/ros2_ws/src/install/squareNumber/bin'
[1.365s] Level 1:colcon.colcon_core.environment:checking '/home/student/AdR/ros2_ws/src/install/squareNumber/lib/pkgconfig/squareNumber.pc'
[1.365s] Level 1:colcon.colcon_core.environment:checking '/home/student/AdR/ros2_ws/src/install/squareNumber/lib/python3.10/site-packages'
[1.365s] Level 1:colcon.colcon_core.shell:create_environment_hook('squareNumber', 'pythonpath')
[1.365s] INFO:colcon.colcon_core.shell:Creating environment hook '/home/student/AdR/ros2_ws/src/install/squareNumber/share/squareNumber/hook/pythonpath.ps1'
[1.366s] INFO:colcon.colcon_core.shell:Creating environment descriptor '/home/student/AdR/ros2_ws/src/install/squareNumber/share/squareNumber/hook/pythonpath.dsv'
[1.366s] INFO:colcon.colcon_core.shell:Creating environment hook '/home/student/AdR/ros2_ws/src/install/squareNumber/share/squareNumber/hook/pythonpath.sh'
[1.367s] Level 1:colcon.colcon_core.environment:checking '/home/student/AdR/ros2_ws/src/install/squareNumber/bin'
[1.367s] Level 1:colcon.colcon_core.environment:create_environment_scripts_only(squareNumber)
[1.367s] INFO:colcon.colcon_core.shell:Creating package script '/home/student/AdR/ros2_ws/src/install/squareNumber/share/squareNumber/package.ps1'
[1.368s] INFO:colcon.colcon_core.shell:Creating package descriptor '/home/student/AdR/ros2_ws/src/install/squareNumber/share/squareNumber/package.dsv'
[1.369s] INFO:colcon.colcon_core.shell:Creating package script '/home/student/AdR/ros2_ws/src/install/squareNumber/share/squareNumber/package.sh'
[1.371s] INFO:colcon.colcon_core.shell:Creating package script '/home/student/AdR/ros2_ws/src/install/squareNumber/share/squareNumber/package.bash'
[1.373s] INFO:colcon.colcon_core.shell:Creating package script '/home/student/AdR/ros2_ws/src/install/squareNumber/share/squareNumber/package.zsh'
[1.375s] Level 1:colcon.colcon_core.environment:create_file_with_runtime_dependencies(/home/student/AdR/ros2_ws/src/install/squareNumber/share/colcon-core/packages/squareNumber)
[1.375s] DEBUG:colcon.colcon_parallel_executor.executor.parallel:closing loop
[1.376s] DEBUG:colcon.colcon_parallel_executor.executor.parallel:loop closed
[1.376s] DEBUG:colcon.colcon_parallel_executor.executor.parallel:run_until_complete finished with '0'
[1.376s] DEBUG:colcon.colcon_core.event_reactor:joining thread
[1.402s] INFO:colcon.colcon_core.plugin_system:Skipping extension 'colcon_notification.desktop_notification.terminal_notifier': Not used on non-Darwin systems
[1.402s] INFO:colcon.colcon_core.plugin_system:Skipping extension 'colcon_notification.desktop_notification.win32': Not used on non-Windows systems
[1.402s] INFO:colcon.colcon_notification.desktop_notification:Sending desktop notification using 'notify2'
[1.404s] DEBUG:colcon.colcon_notification.desktop_notification.notify2:Failed to initialize notify2: org.freedesktop.DBus.Error.Spawn.ExecFailed: /usr/bin/dbus-launch terminated abnormally without any error message
[1.405s] DEBUG:colcon.colcon_core.event_reactor:joined thread
[1.405s] INFO:colcon.colcon_core.shell:Creating prefix script '/home/student/AdR/ros2_ws/src/install/local_setup.ps1'
[1.406s] INFO:colcon.colcon_core.shell:Creating prefix util module '/home/student/AdR/ros2_ws/src/install/_local_setup_util_ps1.py'
[1.408s] INFO:colcon.colcon_core.shell:Creating prefix chain script '/home/student/AdR/ros2_ws/src/install/setup.ps1'
[1.409s] INFO:colcon.colcon_core.shell:Creating prefix script '/home/student/AdR/ros2_ws/src/install/local_setup.sh'
[1.410s] INFO:colcon.colcon_core.shell:Creating prefix util module '/home/student/AdR/ros2_ws/src/install/_local_setup_util_sh.py'
[1.410s] INFO:colcon.colcon_core.shell:Creating prefix chain script '/home/student/AdR/ros2_ws/src/install/setup.sh'
[1.411s] INFO:colcon.colcon_core.shell:Creating prefix script '/home/student/AdR/ros2_ws/src/install/local_setup.bash'
[1.412s] INFO:colcon.colcon_core.shell:Creating prefix chain script '/home/student/AdR/ros2_ws/src/install/setup.bash'
[1.414s] INFO:colcon.colcon_core.shell:Creating prefix script '/home/student/AdR/ros2_ws/src/install/local_setup.zsh'
[1.415s] INFO:colcon.colcon_core.shell:Creating prefix chain script '/home/student/AdR/ros2_ws/src/install/setup.zsh'
